2025-06-24T03:10:49.569914 | Generated bundle for The $10K/mo AI PDF Farming Blueprint
2025-06-24T03:10:49.570226 | Built sales page for The $10K/mo AI PDF Farming Blueprint
2025-06-24T03:10:49.570273 | Built launch sequence for The $10K/mo AI PDF Farming Blueprint
2025-06-24T03:10:49.570310 | Built email funnel for The $10K/mo AI PDF Farming Blueprint
2025-06-24T03:10:49.570344 | Optimized price suggestion: 199
2025-06-24T03:16:15.203477 | HYPER ELITE VAULT badge applied to The $10K/mo AI PDF Farming Blueprint
2025-06-24T03:16:15.204280 | HYPER ELITE VAULT badge applied to AI Trading Vault: Full Blueprint to Build Wealth with Bots
2025-06-24T03:16:15.204327 | HYPER ELITE VAULT badge applied to AI Client Funnel Blueprint: How to Sell Any AI Product Online
2025-06-24T03:16:15.204362 | HYPER ELITE VAULT badge applied to 1000+ Elite AI Prompts for Wealth Building & Business
2025-06-24T03:16:15.204422 | HYPER ELITE VAULT badge applied to Ultimate Side Hustle Stack 2025: AI + PDFs + Gumroad Empire
2025-06-24T03:16:15.204455 | HYPER ELITE VAULT badge applied to Luxury Fitness & Life Blueprint
2025-06-24T03:16:15.204485 | HYPER ELITE VAULT badge applied to Bulletproof AI Business Security Blueprint
2025-06-24T03:16:15.204516 | HYPER ELITE VAULT badge applied to The Anti-Aging & Vitality Protocols Master Bundle
2025-06-24T03:16:15.204549 | HYPER ELITE VAULT badge applied to AI Empire Master Vault: 12 Complete Business Blueprints
2025-06-24T03:16:15.204579 | HYPER ELITE VAULT badge applied to Advanced AI PDF Automation & Licensing Blueprint
2025-06-24T03:16:15.204608 | AIFOLIO_FINAL_V12_PHASE_200_HYPER_EXPANSION loaded.
2025-06-24T03:19:49.616680 | HYPER ELITE VAULT badge applied to The $10K/mo AI PDF Farming Blueprint
2025-06-24T03:19:49.617176 | HYPER ELITE VAULT badge applied to AI Trading Vault: Full Blueprint to Build Wealth with Bots
2025-06-24T03:19:49.617236 | HYPER ELITE VAULT badge applied to AI Client Funnel Blueprint: How to Sell Any AI Product Online
2025-06-24T03:19:49.617278 | HYPER ELITE VAULT badge applied to 1000+ Elite AI Prompts for Wealth Building & Business
2025-06-24T03:19:49.617314 | HYPER ELITE VAULT badge applied to Ultimate Side Hustle Stack 2025: AI + PDFs + Gumroad Empire
2025-06-24T03:19:49.617348 | HYPER ELITE VAULT badge applied to Luxury Fitness & Life Blueprint
2025-06-24T03:19:49.617407 | HYPER ELITE VAULT badge applied to Bulletproof AI Business Security Blueprint
2025-06-24T03:19:49.617449 | HYPER ELITE VAULT badge applied to The Anti-Aging & Vitality Protocols Master Bundle
2025-06-24T03:19:49.617489 | HYPER ELITE VAULT badge applied to AI Empire Master Vault: 12 Complete Business Blueprints
2025-06-24T03:19:49.617522 | HYPER ELITE VAULT badge applied to Advanced AI PDF Automation & Licensing Blueprint
2025-06-24T03:19:49.617553 | AIFOLIO_FINAL_V12_PHASE_200_HYPER_EXPANSION loaded.
2025-06-24T03:29:38.677139 | Generated bundle for The $10K/mo AI PDF Farming Blueprint
2025-06-24T03:29:38.678021 | Built sales page for The $10K/mo AI PDF Farming Blueprint
2025-06-24T03:29:38.678074 | Built launch sequence for The $10K/mo AI PDF Farming Blueprint
2025-06-24T03:29:38.678111 | Built email funnel for The $10K/mo AI PDF Farming Blueprint
2025-06-24T03:29:38.678161 | Optimized price suggestion: 199
2025-06-24T03:29:38.930977 | HYPER ELITE VAULT badge applied to The $10K/mo AI PDF Farming Blueprint
2025-06-24T03:29:38.931276 | HYPER ELITE VAULT badge applied to AI Trading Vault: Full Blueprint to Build Wealth with Bots
2025-06-24T03:29:38.931318 | HYPER ELITE VAULT badge applied to AI Client Funnel Blueprint: How to Sell Any AI Product Online
2025-06-24T03:29:38.931354 | HYPER ELITE VAULT badge applied to 1000+ Elite AI Prompts for Wealth Building & Business
2025-06-24T03:29:38.931417 | HYPER ELITE VAULT badge applied to Ultimate Side Hustle Stack 2025: AI + PDFs + Gumroad Empire
2025-06-24T03:29:38.931459 | HYPER ELITE VAULT badge applied to Luxury Fitness & Life Blueprint
2025-06-24T03:29:38.931495 | HYPER ELITE VAULT badge applied to Bulletproof AI Business Security Blueprint
2025-06-24T03:29:38.931532 | HYPER ELITE VAULT badge applied to The Anti-Aging & Vitality Protocols Master Bundle
2025-06-24T03:29:38.931615 | HYPER ELITE VAULT badge applied to AI Empire Master Vault: 12 Complete Business Blueprints
2025-06-24T03:29:38.931661 | HYPER ELITE VAULT badge applied to Advanced AI PDF Automation & Licensing Blueprint
2025-06-24T03:29:38.931704 | AIFOLIO_FINAL_V12_PHASE_200_HYPER_EXPANSION loaded.
2025-06-24T04:28:50.614565 | Continuous Upgrade Pipeline created.
2025-06-24T04:28:50.615206 | Autonomous Vault Repair Engine activated.
2025-06-24T04:28:50.615256 | Low-Latency AI Inference enabled.
2025-06-24T04:28:50.615315 | Real-time legal change monitoring enabled.
2025-06-24T04:28:50.615351 | Region-aware compliance engine deployed.
2025-06-24T04:28:50.615455 | GDPR workflow auto-applied.
2025-06-24T04:28:50.615500 | AI Explainability Layer generated.
2025-06-24T04:28:50.615552 | Elastic Compute Grid deployed.
2025-06-24T04:28:50.615603 | AI Load Balancer enabled.
2025-06-24T04:28:50.615638 | Usage Heatmap added.
2025-06-24T04:28:50.615689 | Visual AI Output Diff Dashboard created.
2025-06-24T04:28:50.615722 | One-Click Rollback Engine enabled.
2025-06-24T04:28:50.615755 | Enhanced AI Telemetry Layer activated.
2025-06-24T04:28:50.615810 | AI Safety Envelope (strict token & runtime limiters) activated.
2025-06-24T04:28:50.615843 | Phase Alert Manager UI added.
2025-06-24T04:28:50.615895 | Phase Lockdown Control Panel added.
2025-06-24T04:28:50.615937 | Safe Mode toggle enabled.
2025-06-24T04:28:50.615990 | AIFOLIO_FINAL_V12_AUTO_UPGRADE_MANAGER loaded.
2025-06-24T04:28:50.722982 | Vaults locked with immutable storage.
2025-06-24T04:28:50.723324 | File integrity checked: {'vault1.pdf': True, 'vault2.pdf': True}
2025-06-24T04:28:50.723394 | Geo-distributed encrypted backups created: ['us-east', 'eu-west', 'ap-south']
2025-06-24T04:28:50.723437 | Self-Healing Core enabled.
2025-06-24T04:28:50.723494 | AI Anomaly Detector: {'vault1.pdf': False, 'vault2.pdf': False}
2025-06-24T04:28:50.723531 | Zero Trust Network Model deployed.
2025-06-24T04:28:50.723580 | TLS 1.3 and mTLS enforced for internal APIs.
2025-06-24T04:28:50.723616 | Firewall hardened with dynamic threat feeds.
2025-06-24T04:28:50.723664 | Optional Onion Routing Mode enabled.
2025-06-24T04:28:50.723699 | FIDO2/WebAuthn hardware keys required for admin.
2025-06-24T04:28:50.723743 | Role-based admin privileges split.
2025-06-24T04:28:50.723778 | Admin actions immutably logged: ['login', 'backup']
2025-06-24T04:28:50.723821 | Automated Threat Response Playbooks built.
2025-06-24T04:28:50.723851 | Execution layers encrypted in-memory.
2025-06-24T04:28:50.723882 | Sensitive routines compiled to WASM.
2025-06-24T04:28:50.723940 | Anti-Debugger / Anti-Tamper logic deployed.
2025-06-24T04:28:50.723984 | Canary Tokens deployed.
2025-06-24T04:28:50.724024 | API credentials rotated with short TTL.
2025-06-24T04:28:50.724062 | External pen-testers scheduled.
2025-06-24T04:28:50.724103 | Immutable Infrastructure daily rebuild scheduled.
2025-06-24T04:28:50.724132 | AIFOLIO_FINAL_V12_SECURITY_ENGINE loaded.
